# JRE version: OpenJDK Runtime Environment (8.0_112-b05) (build 1.8.0_112-release-b05)
# Java VM: OpenJDK 64-Bit Server VM (25.112-b05 mixed mode bsd-amd64 compressed oops)
Heap:
 PSYoungGen      total 356864K, used 144495K [0x00000007a0000000, 0x00000007bfc80000, 0x00000007c0000000)
  eden space 353792K, 40% used [0x00000007a0000000,0x00000007a8d1bcc8,0x00000007b5980000)
  from space 3072K, 0% used [0x00000007b5980000,0x00000007b5980000,0x00000007b5c80000)
  to   space 83456K, 0% used [0x00000007bab00000,0x00000007bab00000,0x00000007bfc80000)
 ParOldGen       total 215552K, used 43788K [0x0000000760000000, 0x000000076d280000, 0x00000007a0000000)
  object space 215552K, 20% used [0x0000000760000000,0x0000000762ac3020,0x000000076d280000)
 Metaspace       used 72022K, capacity 74498K, committed 74752K, reserved 1114112K
  class space    used 8997K, capacity 9461K, committed 9472K, reserved 1048576K
GC Heap History (10 events):
Event: 402.009 GC heap before
{Heap before GC invocations=31 (full 5):
 PSYoungGen      total 431616K, used 369903K [0x00000007a0000000, 0x00000007bf800000, 0x00000007c0000000)
  eden space 343040K, 100% used [0x00000007a0000000,0x00000007b4f00000,0x00000007b4f00000)
  from space 88576K, 30% used [0x00000007b4f00000,0x00000007b693bdf8,0x00000007ba580000)
  to   space 82944K, 0% used [0x00000007ba700000,0x00000007ba700000,0x00000007bf800000)
 ParOldGen       total 215552K, used 71073K [0x0000000760000000, 0x000000076d280000, 0x00000007a0000000)
  object space 215552K, 32% used [0x0000000760000000,0x00000007645685e8,0x000000076d280000)
 Metaspace       used 67703K, capacity 69840K, committed 69888K, reserved 1110016K
  class space    used 8494K, capacity 8958K, committed 8960K, reserved 1048576K
Event: 402.132 GC heap after
Heap after GC invocations=31 (full 5):
 PSYoungGen      total 431616K, used 47607K [0x00000007a0000000, 0x00000007bfd80000, 0x00000007c0000000)
  eden space 348672K, 0% used [0x00000007a0000000,0x00000007a0000000,0x00000007b5480000)
  from space 82944K, 57% used [0x00000007ba700000,0x00000007bd57dc98,0x00000007bf800000)
  to   space 84480K, 0% used [0x00000007b5480000,0x00000007b5480000,0x00000007ba700000)
 ParOldGen       total 215552K, used 88612K [0x0000000760000000, 0x000000076d280000, 0x00000007a0000000)
  object space 215552K, 41% used [0x0000000760000000,0x00000007656892c8,0x000000076d280000)
 Metaspace       used 67703K, capacity 69840K, committed 69888K, reserved 1110016K
  class space    used 8494K, capacity 8958K, committed 8960K, reserved 1048576K
}
Event: 402.579 GC heap before
{Heap before GC invocations=32 (full 5):
 PSYoungGen      total 431616K, used 396279K [0x00000007a0000000, 0x00000007bfd80000, 0x00000007c0000000)
  eden space 348672K, 100% used [0x00000007a0000000,0x00000007b5480000,0x00000007b5480000)
  from space 82944K, 57% used [0x00000007ba700000,0x00000007bd57dc98,0x00000007bf800000)
  to   space 84480K, 0% used [0x00000007b5480000,0x00000007b5480000,0x00000007ba700000)
 ParOldGen       total 215552K, used 88612K [0x0000000760000000, 0x000000076d280000, 0x00000007a0000000)
  object space 215552K, 41% used [0x0000000760000000,0x00000007656892c8,0x000000076d280000)
 Metaspace       used 67729K, capacity 69840K, committed 69888K, reserved 1110016K
  class space    used 8494K, capacity 8958K, committed 8960K, reserved 1048576K
Event: 402.653 GC heap after
Heap after GC invocations=32 (full 5):
 PSYoungGen      total 433152K, used 48559K [0x00000007a0000000, 0x00000007c0000000, 0x00000007c0000000)
  eden space 348672K, 0% used [0x00000007a0000000,0x00000007a0000000,0x00000007b5480000)
  from space 84480K, 57% used [0x00000007b5480000,0x00000007b83ebd18,0x00000007ba700000)
  to   space 86016K, 0% used [0x00000007bac00000,0x00000007bac00000,0x00000007c0000000)
 ParOldGen       total 215552K, used 99369K [0x0000000760000000, 0x000000076d280000, 0x00000007a0000000)
  object space 215552K, 46% used [0x0000000760000000,0x000000076610a570,0x000000076d280000)
 Metaspace       used 67729K, capacity 69840K, committed 69888K, reserved 1110016K
  class space    used 8494K, capacity 8958K, committed 8960K, reserved 1048576K
}
Event: 403.841 GC heap before
{Heap before GC invocations=33 (full 5):
 PSYoungGen      total 433152K, used 396754K [0x00000007a0000000, 0x00000007c0000000, 0x00000007c0000000)
  eden space 348672K, 99% used [0x00000007a0000000,0x00000007b5408af8,0x00000007b5480000)
  from space 84480K, 57% used [0x00000007b5480000,0x00000007b83ebd18,0x00000007ba700000)
  to   space 86016K, 0% used [0x00000007bac00000,0x00000007bac00000,0x00000007c0000000)
 ParOldGen       total 215552K, used 99369K [0x0000000760000000, 0x000000076d280000, 0x00000007a0000000)
  object space 215552K, 46% used [0x0000000760000000,0x000000076610a570,0x000000076d280000)
 Metaspace       used 67752K, capacity 69904K, committed 70144K, reserved 1110016K
  class space    used 8494K, capacity 8958K, committed 8960K, reserved 1048576K
Event: 403.892 GC heap after
Heap after GC invocations=33 (full 5):
 PSYoungGen      total 438272K, used 9229K [0x00000007a0000000, 0x00000007bfe80000, 0x00000007c0000000)
  eden space 353792K, 0% used [0x00000007a0000000,0x00000007a0000000,0x00000007b5980000)
  from space 84480K, 10% used [0x00000007bac00000,0x00000007bb503660,0x00000007bfe80000)
  to   space 84480K, 0% used [0x00000007b5980000,0x00000007b5980000,0x00000007bac00000)
 ParOldGen       total 215552K, used 118836K [0x0000000760000000, 0x000000076d280000, 0x00000007a0000000)
  object space 215552K, 55% used [0x0000000760000000,0x000000076740d070,0x000000076d280000)
 Metaspace       used 67752K, capacity 69904K, committed 70144K, reserved 1110016K
  class space    used 8494K, capacity 8958K, committed 8960K, reserved 1048576K
}
Event: 404.362 GC heap before
{Heap before GC invocations=34 (full 5):
 PSYoungGen      total 438272K, used 279523K [0x00000007a0000000, 0x00000007bfe80000, 0x00000007c0000000)
  eden space 353792K, 76% used [0x00000007a0000000,0x00000007b07f5740,0x00000007b5980000)
  from space 84480K, 10% used [0x00000007bac00000,0x00000007bb503660,0x00000007bfe80000)
  to   space 84480K, 0% used [0x00000007b5980000,0x00000007b5980000,0x00000007bac00000)
 ParOldGen       total 215552K, used 118836K [0x0000000760000000, 0x000000076d280000, 0x00000007a0000000)
  object space 215552K, 55% used [0x0000000760000000,0x000000076740d070,0x000000076d280000)
 Metaspace       used 67791K, capacity 69910K, committed 70144K, reserved 1110016K
  class space    used 8495K, capacity 8959K, committed 8960K, reserved 1048576K
Event: 404.376 GC heap after
Heap after GC invocations=34 (full 5):
 PSYoungGen      total 356864K, used 2994K [0x00000007a0000000, 0x00000007bfc80000, 0x00000007c0000000)
  eden space 353792K, 0% used [0x00000007a0000000,0x00000007a0000000,0x00000007b5980000)
  from space 3072K, 97% used [0x00000007b5980000,0x00000007b5c6c868,0x00000007b5c80000)
  to   space 83456K, 0% used [0x00000007bab00000,0x00000007bab00000,0x00000007bfc80000)
 ParOldGen       total 215552K, used 122900K [0x0000000760000000, 0x000000076d280000, 0x00000007a0000000)
  object space 215552K, 57% used [0x0000000760000000,0x00000007678051f0,0x000000076d280000)
 Metaspace       used 67791K, capacity 69910K, committed 70144K, reserved 1110016K
  class space    used 8495K, capacity 8959K, committed 8960K, reserved 1048576K
}
Event: 404.376 GC heap before
{Heap before GC invocations=35 (full 6):
 PSYoungGen      total 356864K, used 2994K [0x00000007a0000000, 0x00000007bfc80000, 0x00000007c0000000)
  eden space 353792K, 0% used [0x00000007a0000000,0x00000007a0000000,0x00000007b5980000)
  from space 3072K, 97% used [0x00000007b5980000,0x00000007b5c6c868,0x00000007b5c80000)
  to   space 83456K, 0% used [0x00000007bab00000,0x00000007bab00000,0x00000007bfc80000)
 ParOldGen       total 215552K, used 122900K [0x0000000760000000, 0x000000076d280000, 0x00000007a0000000)
  object space 215552K, 57% used [0x0000000760000000,0x00000007678051f0,0x000000076d280000)
 Metaspace       used 67791K, capacity 69910K, committed 70144K, reserved 1110016K
  class space    used 8495K, capacity 8959K, committed 8960K, reserved 1048576K
Event: 404.759 GC heap after
Heap after GC invocations=35 (full 6):
 PSYoungGen      total 356864K, used 0K [0x00000007a0000000, 0x00000007bfc80000, 0x00000007c0000000)
  eden space 353792K, 0% used [0x00000007a0000000,0x00000007a0000000,0x00000007b5980000)
  from space 3072K, 0% used [0x00000007b5980000,0x00000007b5980000,0x00000007b5c80000)
  to   space 83456K, 0% used [0x00000007bab00000,0x00000007bab00000,0x00000007bfc80000)
 ParOldGen       total 215552K, used 43788K [0x0000000760000000, 0x000000076d280000, 0x00000007a0000000)
  object space 215552K, 20% used [0x0000000760000000,0x0000000762ac3020,0x000000076d280000)
 Metaspace       used 67791K, capacity 69910K, committed 70144K, reserved 1110016K
  class space    used 8495K, capacity 8959K, committed 8960K, reserved 1048576K
}

